[2025-03-25T10:25:55.092Z] INFO: OPTIONS /api/v1/auth/signup 204 1ms
[2025-03-25T10:25:55.187Z] WARN: POST /api/v1/auth/signup 400 60ms
[2025-03-25T10:26:14.627Z] INFO: OPTIONS /api/v1/auth/signup 204 0ms
[2025-03-25T10:26:14.675Z] WARN: POST /api/v1/auth/signup 400 45ms
[2025-03-25T10:26:25.353Z] INFO: OPTIONS /api/v1/auth/signup 204 0ms
[2025-03-25T10:26:25.532Z] INFO: POST /api/v1/auth/signup 201 177ms
[2025-03-26T06:28:40.972Z] INFO: OPTIONS /api/v1/auth/signup 204 1ms
[2025-03-26T06:28:41.438Z] INFO: POST /api/v1/auth/signup 201 436ms
[2025-03-26T06:33:07.653Z] INFO: OPTIONS /api/v1/auth/signup 204 0ms
[2025-03-26T06:33:08.078Z] INFO: POST /api/v1/auth/signup 201 422ms
[2025-03-26T06:36:37.590Z] INFO: OPTIONS /api/v1/auth/signup 204 0ms
[2025-03-26T06:36:38.013Z] INFO: POST /api/v1/auth/signup 201 420ms
[2025-03-26T06:44:33.434Z] INFO: OPTIONS /api/v1/auth/signup 204 0ms
[2025-03-26T06:44:33.848Z] INFO: POST /api/v1/auth/signup 201 412ms
[2025-05-26T10:06:31.197Z] INFO: POST /api/v1/auth/signin 201 494ms
[2025-05-26T10:06:43.491Z] ERROR: GET /api/v1/mutualfund/nav 500 9181ms
[2025-05-26T10:08:32.299Z] ERROR: GET /api/v1/mutualfund/nav 500 8924ms
[2025-05-26T11:34:48.533Z] INFO: POST /api/v1/auth/signin 201 418ms
[2025-05-26T11:34:52.077Z] WARN: GET /api/v1/mutualfund/?query=sbi 404 3ms
[2025-05-26T11:36:50.330Z] WARN: GET /api/v1/mutualfund/?query=sbi 404 6ms
[2025-05-26T11:36:52.229Z] WARN: GET /api/v1/mutualfund/?query=sbi 404 2ms
[2025-05-26T11:37:03.437Z] INFO: GET /api/v1/mutualfund/search?query=sbi 200 270ms
[2025-05-26T13:43:19.223Z] INFO: OPTIONS /api/v1/auth/signin 204 1ms
[2025-05-26T13:43:19.911Z] INFO: POST /api/v1/auth/signin 201 662ms
[2025-05-26T13:43:20.057Z] INFO: POST /api/v1/auth/verifications/token 200 96ms
[2025-05-26T13:43:21.606Z] INFO: GET /api/v1/user/me/avatar 304 92ms
[2025-05-26T13:43:21.716Z] INFO: GET /api/v1/user/me/avatar 304 107ms
[2025-05-26T13:43:24.359Z] INFO: POST /api/v1/auth/verifications/token 200 111ms
[2025-05-26T13:43:26.028Z] INFO: GET /api/v1/user/me/avatar 304 109ms
[2025-05-26T13:43:26.099Z] INFO: GET /api/v1/user/me/avatar 304 68ms
[2025-05-26T13:43:32.456Z] WARN: GET /api/v1/mutualfund?query=s 404 8ms
[2025-05-26T13:43:34.715Z] WARN: GET /api/v1/mutualfund?query=sbi 404 4ms
[2025-05-26T13:44:22.135Z] WARN: GET /api/v1/mutualfund/search?query=sbi 400 5ms
[2025-05-26T13:44:33.995Z] INFO: GET /api/v1/mutualfund/search?keyword=sbi 200 893ms
[2025-05-26T13:44:47.727Z] INFO: POST /api/v1/auth/verifications/token 200 89ms
[2025-05-26T13:44:49.921Z] INFO: GET /api/v1/user/me/avatar 304 278ms
[2025-05-26T13:45:02.873Z] INFO: GET /api/v1/mutualfund/search?keyword=hdfc 200 4569ms
[2025-05-26T13:45:14.922Z] INFO: POST /api/v1/auth/verifications/token 200 90ms
[2025-05-26T13:45:18.765Z] INFO: GET /api/v1/user/me/avatar 304 70ms
[2025-05-26T13:45:38.676Z] INFO: POST /api/v1/auth/verifications/token 200 411ms
[2025-05-26T13:45:40.857Z] INFO: GET /api/v1/user/me/avatar 304 166ms
[2025-05-26T13:45:50.257Z] INFO: GET /api/v1/mutualfund/search?keyword=sbi 304 1472ms
[2025-05-26T13:46:15.318Z] INFO: POST /api/v1/auth/verifications/token 200 174ms
[2025-05-26T13:46:18.037Z] INFO: GET /api/v1/user/me/avatar 304 118ms
[2025-05-26T13:46:31.119Z] INFO: POST /api/v1/auth/verifications/token 200 94ms
[2025-05-26T13:46:36.526Z] INFO: POST /api/v1/auth/verifications/token 200 77ms
[2025-05-26T13:46:38.315Z] INFO: GET /api/v1/user/me/avatar 304 105ms
[2025-05-26T13:46:44.217Z] INFO: GET /api/v1/mutualfund/search?keyword=sbi 304 911ms
[2025-05-26T13:46:57.884Z] INFO: POST /api/v1/auth/verifications/token 200 104ms
[2025-05-26T13:47:04.256Z] INFO: POST /api/v1/auth/verifications/token 200 101ms
[2025-05-26T13:47:06.102Z] INFO: GET /api/v1/user/me/avatar 304 125ms
[2025-05-26T13:47:12.832Z] INFO: GET /api/v1/mutualfund/search?keyword=sbi 304 703ms
[2025-05-26T13:47:41.611Z] INFO: POST /api/v1/auth/verifications/token 200 106ms
[2025-05-26T13:47:44.206Z] INFO: GET /api/v1/user/me/avatar 304 105ms
[2025-05-26T13:48:18.286Z] INFO: GET /api/v1/mutualfund/search?keyword=sbi 304 621ms
[2025-05-26T13:48:26.126Z] INFO: GET /api/v1/mutualfund/search?keyword=sbi 304 702ms
[2025-05-26T13:48:27.519Z] INFO: GET /api/v1/mutualfund/search?keyword=sbi%20Cor 200 250ms
[2025-05-26T13:48:30.916Z] INFO: GET /api/v1/mutualfund/search?keyword=sbi%20Corporate 200 171ms
[2025-05-26T13:49:07.239Z] INFO: GET /api/v1/mutualfund/search?keyword=sbi%20Corporate 304 156ms
[2025-05-26T13:49:09.053Z] INFO: GET /api/v1/mutualfund/search?keyword=sbi%20Corporate%20Bond 200 153ms
[2025-05-26T13:49:46.755Z] INFO: GET /api/v1/mutualfund/search?keyword=hdfc 304 704ms
[2025-05-26T13:52:21.917Z] INFO: POST /api/v1/auth/verifications/token 200 188ms
[2025-05-26T13:52:51.211Z] INFO: POST /api/v1/auth/verifications/token 200 210ms
[2025-05-26T13:52:57.672Z] INFO: POST /api/v1/auth/verifications/token 200 94ms
[2025-05-26T13:53:23.664Z] INFO: POST /api/v1/auth/verifications/token 200 171ms
[2025-05-26T13:53:25.099Z] INFO: POST /api/v1/auth/verifications/token 200 89ms
[2025-05-26T13:53:27.796Z] INFO: POST /api/v1/auth/verifications/token 200 125ms
[2025-05-26T13:53:30.375Z] INFO: GET /api/v1/user/me/avatar 304 95ms
[2025-05-26T13:53:37.856Z] INFO: POST /api/v1/auth/verifications/token 200 96ms
[2025-05-26T13:53:39.292Z] INFO: POST /api/v1/auth/verifications/token 200 98ms
[2025-05-26T13:53:46.835Z] INFO: POST /api/v1/auth/verifications/token 200 101ms
[2025-05-26T13:53:48.623Z] INFO: GET /api/v1/user/me/avatar 304 106ms
[2025-05-26T13:53:56.429Z] INFO: GET /api/v1/mutualfund/search?keyword=hdfc 304 595ms
[2025-05-26T13:54:07.727Z] INFO: GET /api/v1/mutualfund/search?keyword=hdfc 304 635ms
[2025-05-26T13:54:51.568Z] INFO: POST /api/v1/auth/verifications/token 200 119ms
[2025-05-26T13:54:53.628Z] INFO: GET /api/v1/user/me/avatar 304 138ms
[2025-05-26T13:55:01.960Z] INFO: GET /api/v1/mutualfund/search?keyword=hdfc 304 554ms
[2025-05-26T13:55:08.776Z] INFO: POST /api/v1/auth/verifications/token 200 100ms
[2025-05-26T13:55:33.093Z] INFO: POST /api/v1/auth/verifications/token 200 79ms
[2025-05-26T13:55:35.005Z] INFO: POST /api/v1/auth/verifications/token 200 105ms
[2025-05-26T13:55:35.468Z] INFO: POST /api/v1/auth/verifications/token 200 81ms
[2025-05-26T13:55:37.854Z] INFO: GET /api/v1/user/me/avatar 304 104ms
[2025-05-26T13:56:18.161Z] INFO: GET /api/v1/mutualfund/search?keyword=parag 200 199ms
[2025-05-26T13:56:26.543Z] INFO: GET /api/v1/mutualfund/search?keyword=para 200 129ms
[2025-05-26T13:56:40.201Z] INFO: GET /api/v1/mutualfund/search?keyword=sbi 304 743ms
[2025-05-26T13:56:52.095Z] INFO: POST /api/v1/auth/verifications/token 200 80ms
[2025-05-26T13:56:54.925Z] INFO: GET /api/v1/mutualfund/search?keyword=sbi 304 835ms
[2025-05-26T13:57:05.735Z] INFO: GET /api/v1/mutualfund/search?keyword=sbi 304 649ms
[2025-05-26T13:57:27.090Z] INFO: POST /api/v1/auth/verifications/token 200 86ms
[2025-05-26T13:57:31.831Z] INFO: GET /api/v1/mutualfund/search?keyword=sbi 304 734ms
[2025-05-26T13:57:42.136Z] INFO: POST /api/v1/auth/verifications/token 200 80ms
[2025-05-26T13:57:51.770Z] INFO: GET /api/v1/mutualfund/search?keyword=sbi 304 668ms
[2025-05-26T13:57:59.660Z] INFO: GET /api/v1/mutualfund/search?keyword=sbi 304 748ms
[2025-05-26T13:58:59.870Z] INFO: OPTIONS /api/v1/auth/signin 204 1ms
[2025-05-26T13:59:00.480Z] INFO: POST /api/v1/auth/signin 201 607ms
[2025-05-26T13:59:00.699Z] INFO: POST /api/v1/auth/verifications/token 200 181ms
[2025-05-26T13:59:01.375Z] INFO: GET /api/v1/user/me/avatar 304 90ms
[2025-05-26T13:59:01.515Z] INFO: GET /api/v1/user/me/avatar 304 137ms
[2025-05-26T13:59:03.396Z] INFO: POST /api/v1/auth/verifications/token 200 94ms
[2025-05-26T13:59:04.181Z] INFO: GET /api/v1/user/me/avatar 304 101ms
[2025-05-26T13:59:04.358Z] INFO: GET /api/v1/user/me/avatar 304 175ms
[2025-05-26T13:59:11.413Z] INFO: GET /api/v1/mutualfund/search?keyword=para 304 235ms
[2025-05-26T13:59:41.123Z] INFO: GET /api/v1/mutualfund/search?keyword=Parag 200 144ms
[2025-05-26T14:00:08.623Z] INFO: POST /api/v1/auth/verifications/token 200 125ms
[2025-05-26T14:00:10.240Z] INFO: GET /api/v1/mutualfund/search?keyword=Parag 304 143ms
[2025-05-26T14:00:17.319Z] INFO: GET /api/v1/mutualfund/search?keyword=Parag 304 227ms
[2025-05-26T14:00:20.265Z] INFO: POST /api/v1/auth/verifications/token 200 125ms
[2025-05-26T14:00:23.197Z] INFO: GET /api/v1/mutualfund/search?keyword=Parag 304 183ms
[2025-05-26T14:00:31.723Z] INFO: GET /api/v1/mutualfund/search?keyword=Parag 304 135ms
[2025-05-26T14:00:41.978Z] INFO: GET /api/v1/mutualfund/search?keyword=hdfc 304 607ms
[2025-05-26T14:01:09.272Z] INFO: POST /api/v1/auth/verifications/token 200 114ms
[2025-05-26T14:01:11.337Z] INFO: GET /api/v1/user/me/avatar 304 182ms
[2025-05-26T14:01:18.840Z] INFO: GET /api/v1/mutualfund/search?keyword=sbi 304 1385ms
[2025-05-26T14:01:49.532Z] INFO: GET /api/v1/mutualfund/search?keyword=hdfc 304 607ms
[2025-05-26T14:02:07.243Z] INFO: POST /api/v1/auth/verifications/token 200 230ms
[2025-05-26T14:02:12.476Z] INFO: POST /api/v1/auth/verifications/token 200 119ms
[2025-05-26T14:02:12.485Z] INFO: POST /api/v1/auth/verifications/token 200 123ms
[2025-05-26T14:02:15.904Z] INFO: GET /api/v1/user/me/avatar 304 156ms
[2025-05-26T14:03:25.366Z] INFO: POST /api/v1/auth/verifications/token 200 115ms
[2025-05-26T14:03:50.162Z] INFO: POST /api/v1/auth/verifications/token 200 101ms
[2025-05-26T14:05:14.109Z] INFO: POST /api/v1/auth/verifications/token 200 98ms
[2025-05-26T14:05:36.485Z] INFO: POST /api/v1/auth/verifications/token 200 135ms
[2025-05-26T14:05:38.195Z] INFO: POST /api/v1/auth/verifications/token 200 109ms
[2025-05-26T14:06:36.643Z] INFO: POST /api/v1/auth/verifications/token 200 320ms
[2025-05-26T14:06:38.499Z] INFO: GET /api/v1/user/me/avatar 304 97ms
[2025-05-26T14:06:46.225Z] INFO: GET /api/v1/mutualfund/search?keyword=parag 304 145ms
